-------------------------------------------------------------------------------
Test set: net.springboot.javaguides.ApplicationTempImd
-------------------------------------------------------------------------------
Tests run: 1, Failures: 0, Errors: 1, Skipped: 0, Time elapsed: 0.225 s <<< FAILURE! - in net.springboot.javaguides.ApplicationTempImd
givenEmptyArgsWhenMainThenSpringApplicationIsRun  Time elapsed: 0.216 s  <<< ERROR!
java.lang.Error: 
Unresolved compilation problem: 
	The method verifyStatic(Class<SpringApplication>) is undefined for the type ApplicationTempImd

	at net.springboot.javaguides.ApplicationTempImd.givenEmptyArgsWhenMainThenSpringApplicationIsRun(ApplicationTempImd.java:25)

