<?xml version="1.0" encoding="UTF-8"?>
<testsuite xmlns:xsi="http://www.w3.org/2001/XMLSchema-instance" xsi:noNamespaceSchemaLocation="https://maven.apache.org/surefire/maven-surefire-plugin/xsd/surefire-test-report.xsd" name="net.springboot.javaguides.service.ProductServiceImplTest" time="0.419" tests="15" errors="0" skipped="0" failures="0">
  <properties>
[...]
</properties>
  <testcase name="givenEmptyProductList_whenGetAllProduct_thenReturnEmptyList" classname="net.springboot.javaguides.service.ProductServiceImplTest" time="0.373"/>
  <testcase name="givenNonExistingProductId_whenDeleteProduct_thenResourceNotFoundExceptionShouldBeThrown" classname="net.springboot.javaguides.service.ProductServiceImplTest" time="0.004"/>
  <testcase name="givenValidProductWhenCreateProductThenReturnSavedProduct" classname="net.springboot.javaguides.service.ProductServiceImplTest" time="0.007"/>
  <testcase name="givenProductList_whenGetAllProduct_thenReturnProductList" classname="net.springboot.javaguides.service.ProductServiceImplTest" time="0.001"/>
  <testcase name="givenNegativeProductId_whenGetProductById_thenThrowResourceNotFoundException" classname="net.springboot.javaguides.service.ProductServiceImplTest" time="0.002"/>
  <testcase name="givenProductWithMissingNameWhenCreateProductThenThrowException" classname="net.springboot.javaguides.service.ProductServiceImplTest" time="0.002"/>
  <testcase name="givenNonExistingProduct_whenUpdateProduct_thenThrowResourceNotFoundException" classname="net.springboot.javaguides.service.ProductServiceImplTest" time="0.001"/>
  <testcase name="givenSingleProduct_whenGetAllProduct_thenReturnSingleProductList" classname="net.springboot.javaguides.service.ProductServiceImplTest" time="0.001"/>
  <testcase name="givenValidProductId_whenGetProductById_thenReturnProduct" classname="net.springboot.javaguides.service.ProductServiceImplTest" time="0.001"/>
  <testcase name="givenInvalidProductId_whenGetProductById_thenThrowResourceNotFoundException" classname="net.springboot.javaguides.service.ProductServiceImplTest" time="0.001"/>
  <testcase name="givenExistingProduct_whenUpdateProduct_thenReturnUpdatedProduct" classname="net.springboot.javaguides.service.ProductServiceImplTest" time="0.001"/>
  <testcase name="givenZeroProductId_whenGetProductById_thenThrowResourceNotFoundException" classname="net.springboot.javaguides.service.ProductServiceImplTest" time="0.001"/>
  <testcase name="givenProductWithNullId_whenUpdateProduct_thenThrowResourceNotFoundException" classname="net.springboot.javaguides.service.ProductServiceImplTest" time="0.001"/>
  <testcase name="givenNullResponse_whenGetAllProduct_thenReturnNullSafeList" classname="net.springboot.javaguides.service.ProductServiceImplTest" time="0.001"/>
  <testcase name="givenExistingProductId_whenDeleteProduct_thenProductShouldBeDeleted" classname="net.springboot.javaguides.service.ProductServiceImplTest" time="0.002"/>
</testsuite>